2013-01-13 20:51:27,929 INFO  [Thread-3] bombgame.ui.TextUI: 
Players:
-> Player: [21] [11] Direction: 3
AI:
-> AI: [22] [17] T: [21] [10] F: [21] [11] Turn: 90 Direction: 4
-> AI: [17] [11] T: [21] [10] F: [21] [11] Turn: 90 Direction: 3
-> AI: [21] [18] T: [15] [10] F: [17] [11] Turn: 90 Direction: 1
Bombs:
-> Bomb: [20] [11] Timer: 4
Explosions:

 #  #  #  -  -  #  #  -  #  -  -  -  #  #  -  #  #  #  -  -  #  -  #  -  #  #  #  #  #  # 
 -  -  #  -  -  -  -  -  -  -  -  -  -  -  -  -  -  -  -  -  -  -  -  -  -  -  -  -  -  - 
 -  -  #  -  -  -  #  #  #  -  -  -  #  #  -  #  #  #  #  -  #  -  -  #  #  -  #  -  -  - 
 -  -  -  -  -  -  -  -  -  -  -  -  -  -  -  -  -  -  #  -  -  -  -  -  #  -  #  -  #  - 
 #  -  #  -  #  -  #  -  #  #  -  #  #  -  #  -  #  -  #  #  #  -  #  -  -  -  -  -  -  - 
 #  -  -  -  #  -  -  -  -  -  -  -  #  -  -  -  #  -  -  -  -  -  -  -  #  -  -  -  #  - 
 #  -  #  -  #  #  #  -  -  -  #  -  #  #  #  -  #  #  #  #  #  #  -  -  #  -  #  -  #  - 
 -  -  #  -  -  -  -  -  -  -  #  -  -  -  #  -  #  -  -  -  -  -  #  -  -  -  #  -  -  - 
 -  -  #  -  #  #  #  #  #  -  #  #  -  -  #  -  #  -  -  -  -  #  #  #  -  -  #  -  #  - 
 #  -  -  -  #  -  -  -  -  -  -  -  -  -  #  -  #  -  #  -  -  -  -  -  #  -  -  -  #  - 
 -  -  #  -  #  -  #  -  #  #  #  #  #  #  -  -  #  -  #  #  #  -  -  -  -  #  #  #  #  - 
 #  -  -  -  -  -  -  -  -  -  -  -  -  -  #  -  -  M  -  -  O  M  #  -  -  -  #  -  -  - 
 -  -  #  -  -  -  #  #  -  -  #  -  #  -  -  #  #  #  -  -  #  -  -  -  #  -  #  -  #  # 
 #  -  -  -  #  -  #  -  -  -  #  -  #  -  -  -  #  -  -  -  -  -  #  -  #  -  #  -  -  - 
 #  -  #  -  #  -  #  #  #  #  #  -  -  #  -  -  -  -  #  -  #  -  #  -  #  -  -  #  #  - 
 #  -  -  -  -  -  -  -  -  -  -  -  -  -  -  -  #  -  -  -  -  -  #  -  #  -  -  -  -  - 
 #  -  -  -  #  #  #  #  -  -  -  #  -  -  #  -  #  #  #  #  #  -  #  -  -  #  #  -  #  - 
 #  -  -  -  #  -  -  -  #  -  -  -  #  -  -  -  #  -  -  -  #  -  -  -  -  -  -  -  -  - 
 -  -  #  -  #  -  -  -  -  #  #  -  -  -  -  #  #  -  #  #  #  -  -  #  #  -  #  -  -  - 
 -  -  -  -  -  -  -  -  -  -  -  -  -  -  -  -  -  -  -  -  -  -  -  -  -  -  #  -  -  - 

2013-01-13 20:51:28,194 INFO  [Thread-3] bombgame.ui.TextUI: 
Players:
-> Player: [21] [11] Direction: 3
AI:
-> AI: [22] [17] T: [18] [11] F: [18] [11] Turn: 91 Direction: 4
-> AI: [18] [11] T: [21] [11] F: [21] [11] Turn: 91 Direction: 3
-> AI: [21] [18] T: [18] [11] F: [18] [11] Turn: 91 Direction: 1
Bombs:
-> Bomb: [20] [11] Timer: 3
Explosions:

 #  #  #  -  -  #  #  -  #  -  -  -  #  #  -  #  #  #  -  -  #  -  #  -  #  #  #  #  #  # 
 -  -  #  -  -  -  -  -  -  -  -  -  -  -  -  -  -  -  -  -  -  -  -  -  -  -  -  -  -  - 
 -  -  #  -  -  -  #  #  #  -  -  -  #  #  -  #  #  #  #  -  #  -  -  #  #  -  #  -  -  - 
 -  -  -  -  -  -  -  -  -  -  -  -  -  -  -  -  -  -  #  -  -  -  -  -  #  -  #  -  #  - 
 #  -  #  -  #  -  #  -  #  #  -  #  #  -  #  -  #  -  #  #  #  -  #  -  -  -  -  -  -  - 
 #  -  -  -  #  -  -  -  -  -  -  -  #  -  -  -  #  -  -  -  -  -  -  -  #  -  -  -  #  - 
 #  -  #  -  #  #  #  -  -  -  #  -  #  #  #  -  #  #  #  #  #  #  -  -  #  -  #  -  #  - 
 -  -  #  -  -  -  -  -  -  -  #  -  -  -  #  -  #  -  -  -  -  -  #  -  -  -  #  -  -  - 
 -  -  #  -  #  #  #  #  #  -  #  #  -  -  #  -  #  -  -  -  -  #  #  #  -  -  #  -  #  - 
 #  -  -  -  #  -  -  -  -  -  -  -  -  -  #  -  #  -  #  -  -  -  -  -  #  -  -  -  #  - 
 -  -  #  -  #  -  #  -  #  #  #  #  #  #  -  -  #  -  #  #  #  -  -  -  -  #  #  #  #  - 
 #  -  -  -  -  -  -  -  -  -  -  -  -  -  #  -  -  -  M  -  O  M  #  -  -  -  #  -  -  - 
 -  -  #  -  -  -  #  #  -  -  #  -  #  -  -  #  #  #  -  -  #  -  -  -  #  -  #  -  #  # 
 #  -  -  -  #  -  #  -  -  -  #  -  #  -  -  -  #  -  -  -  -  -  #  -  #  -  #  -  -  - 
 #  -  #  -  #  -  #  #  #  #  #  -  -  #  -  -  -  -  #  -  #  -  #  -  #  -  -  #  #  - 
 #  -  -  -  -  -  -  -  -  -  -  -  -  -  -  -  #  -  -  -  -  -  #  -  #  -  -  -  -  - 
 #  -  -  -  #  #  #  #  -  -  -  #  -  -  #  -  #  #  #  #  #  -  #  -  -  #  #  -  #  - 
 #  -  -  -  #  -  -  -  #  -  -  -  #  -  -  -  #  -  -  -  #  -  -  -  -  -  -  -  -  - 
 -  -  #  -  #  -  -  -  -  #  #  -  -  -  -  #  #  -  #  #  #  -  -  #  #  -  #  -  -  - 
 -  -  -  -  -  -  -  -  -  -  -  -  -  -  -  -  -  -  -  -  -  -  -  -  -  -  #  -  -  - 

2013-01-13 20:51:28,444 INFO  [Thread-3] bombgame.ui.TextUI: 
Players:
-> Player: [21] [12] Direction: 2
AI:
-> AI: [22] [17] T: [18] [11] F: [19] [11] Turn: 92 Direction: 4
-> AI: [19] [11] T: [21] [11] F: [21] [12] Turn: 92 Direction: 3
-> AI: [21] [18] T: [18] [11] F: [19] [11] Turn: 92 Direction: 1
Bombs:
-> Bomb: [20] [11] Timer: 2
Explosions:

 #  #  #  -  -  #  #  -  #  -  -  -  #  #  -  #  #  #  -  -  #  -  #  -  #  #  #  #  #  # 
 -  -  #  -  -  -  -  -  -  -  -  -  -  -  -  -  -  -  -  -  -  -  -  -  -  -  -  -  -  - 
 -  -  #  -  -  -  #  #  #  -  -  -  #  #  -  #  #  #  #  -  #  -  -  #  #  -  #  -  -  - 
 -  -  -  -  -  -  -  -  -  -  -  -  -  -  -  -  -  -  #  -  -  -  -  -  #  -  #  -  #  - 
 #  -  #  -  #  -  #  -  #  #  -  #  #  -  #  -  #  -  #  #  #  -  #  -  -  -  -  -  -  - 
 #  -  -  -  #  -  -  -  -  -  -  -  #  -  -  -  #  -  -  -  -  -  -  -  #  -  -  -  #  - 
 #  -  #  -  #  #  #  -  -  -  #  -  #  #  #  -  #  #  #  #  #  #  -  -  #  -  #  -  #  - 
 -  -  #  -  -  -  -  -  -  -  #  -  -  -  #  -  #  -  -  -  -  -  #  -  -  -  #  -  -  - 
 -  -  #  -  #  #  #  #  #  -  #  #  -  -  #  -  #  -  -  -  -  #  #  #  -  -  #  -  #  - 
 #  -  -  -  #  -  -  -  -  -  -  -  -  -  #  -  #  -  #  -  -  -  -  -  #  -  -  -  #  - 
 -  -  #  -  #  -  #  -  #  #  #  #  #  #  -  -  #  -  #  #  #  -  -  -  -  #  #  #  #  - 
 #  -  -  -  -  -  -  -  -  -  -  -  -  -  #  -  -  -  -  M  O  -  #  -  -  -  #  -  -  - 
 -  -  #  -  -  -  #  #  -  -  #  -  #  -  -  #  #  #  -  -  #  M  -  -  #  -  #  -  #  # 
 #  -  -  -  #  -  #  -  -  -  #  -  #  -  -  -  #  -  -  -  -  -  #  -  #  -  #  -  -  - 
 #  -  #  -  #  -  #  #  #  #  #  -  -  #  -  -  -  -  #  -  #  -  #  -  #  -  -  #  #  - 
 #  -  -  -  -  -  -  -  -  -  -  -  -  -  -  -  #  -  -  -  -  -  #  -  #  -  -  -  -  - 
 #  -  -  -  #  #  #  #  -  -  -  #  -  -  #  -  #  #  #  #  #  -  #  -  -  #  #  -  #  - 
 #  -  -  -  #  -  -  -  #  -  -  -  #  -  -  -  #  -  -  -  #  -  -  -  -  -  -  -  -  - 
 -  -  #  -  #  -  -  -  -  #  #  -  -  -  -  #  #  -  #  #  #  -  -  #  #  -  #  -  -  - 
 -  -  -  -  -  -  -  -  -  -  -  -  -  -  -  -  -  -  -  -  -  -  -  -  -  -  #  -  -  - 

2013-01-13 20:51:28,709 INFO  [Thread-3] bombgame.ui.TextUI: 
Players:
-> Player: [21] [13] Direction: 2
AI:
-> AI: [22] [17] T: [18] [11] F: [20] [11] Turn: 93 Direction: 4
-> AI: [20] [11] T: [21] [11] F: [21] [13] Turn: 93 Direction: 3
-> AI: [21] [18] T: [18] [11] F: [20] [11] Turn: 93 Direction: 1
Bombs:
-> Bomb: [20] [11] Timer: 1
Explosions:

 #  #  #  -  -  #  #  -  #  -  -  -  #  #  -  #  #  #  -  -  #  -  #  -  #  #  #  #  #  # 
 -  -  #  -  -  -  -  -  -  -  -  -  -  -  -  -  -  -  -  -  -  -  -  -  -  -  -  -  -  - 
 -  -  #  -  -  -  #  #  #  -  -  -  #  #  -  #  #  #  #  -  #  -  -  #  #  -  #  -  -  - 
 -  -  -  -  -  -  -  -  -  -  -  -  -  -  -  -  -  -  #  -  -  -  -  -  #  -  #  -  #  - 
 #  -  #  -  #  -  #  -  #  #  -  #  #  -  #  -  #  -  #  #  #  -  #  -  -  -  -  -  -  - 
 #  -  -  -  #  -  -  -  -  -  -  -  #  -  -  -  #  -  -  -  -  -  -  -  #  -  -  -  #  - 
 #  -  #  -  #  #  #  -  -  -  #  -  #  #  #  -  #  #  #  #  #  #  -  -  #  -  #  -  #  - 
 -  -  #  -  -  -  -  -  -  -  #  -  -  -  #  -  #  -  -  -  -  -  #  -  -  -  #  -  -  - 
 -  -  #  -  #  #  #  #  #  -  #  #  -  -  #  -  #  -  -  -  -  #  #  #  -  -  #  -  #  - 
 #  -  -  -  #  -  -  -  -  -  -  -  -  -  #  -  #  -  #  -  -  -  -  -  #  -  -  -  #  - 
 -  -  #  -  #  -  #  -  #  #  #  #  #  #  -  -  #  -  #  #  #  -  -  -  -  #  #  #  #  - 
 #  -  -  -  -  -  -  -  -  -  -  -  -  -  #  -  -  -  -  -  O  -  #  -  -  -  #  -  -  - 
 -  -  #  -  -  -  #  #  -  -  #  -  #  -  -  #  #  #  -  -  #  -  -  -  #  -  #  -  #  # 
 #  -  -  -  #  -  #  -  -  -  #  -  #  -  -  -  #  -  -  -  -  M  #  -  #  -  #  -  -  - 
 #  -  #  -  #  -  #  #  #  #  #  -  -  #  -  -  -  -  #  -  #  -  #  -  #  -  -  #  #  - 
 #  -  -  -  -  -  -  -  -  -  -  -  -  -  -  -  #  -  -  -  -  -  #  -  #  -  -  -  -  - 
 #  -  -  -  #  #  #  #  -  -  -  #  -  -  #  -  #  #  #  #  #  -  #  -  -  #  #  -  #  - 
 #  -  -  -  #  -  -  -  #  -  -  -  #  -  -  -  #  -  -  -  #  -  -  -  -  -  -  -  -  - 
 -  -  #  -  #  -  -  -  -  #  #  -  -  -  -  #  #  -  #  #  #  -  -  #  #  -  #  -  -  - 
 -  -  -  -  -  -  -  -  -  -  -  -  -  -  -  -  -  -  -  -  -  -  -  -  -  -  #  -  -  - 

2013-01-13 20:51:28,962 INFO  [Thread-3] bombgame.ui.TextUI: 
Players:
-> Player: [21] [14] Direction: 2
AI:
-> AI: [22] [17] T: [18] [11] F: [21] [11] Turn: 94 Direction: 4
-> AI: [21] [11] T: [21] [11] F: [21] [14] Turn: 94 Direction: 3
-> AI: [21] [18] T: [18] [11] F: [21] [11] Turn: 94 Direction: 1
Bombs:
Explosions:
->Explosion: { [20] [11], [21] [11], [19] [11], [18] [11], [17] [11] }

 #  #  #  -  -  #  #  -  #  -  -  -  #  #  -  #  #  #  -  -  #  -  #  -  #  #  #  #  #  # 
 -  -  #  -  -  -  -  -  -  -  -  -  -  -  -  -  -  -  -  -  -  -  -  -  -  -  -  -  -  - 
 -  -  #  -  -  -  #  #  #  -  -  -  #  #  -  #  #  #  #  -  #  -  -  #  #  -  #  -  -  - 
 -  -  -  -  -  -  -  -  -  -  -  -  -  -  -  -  -  -  #  -  -  -  -  -  #  -  #  -  #  - 
 #  -  #  -  #  -  #  -  #  #  -  #  #  -  #  -  #  -  #  #  #  -  #  -  -  -  -  -  -  - 
 #  -  -  -  #  -  -  -  -  -  -  -  #  -  -  -  #  -  -  -  -  -  -  -  #  -  -  -  #  - 
 #  -  #  -  #  #  #  -  -  -  #  -  #  #  #  -  #  #  #  #  #  #  -  -  #  -  #  -  #  - 
 -  -  #  -  -  -  -  -  -  -  #  -  -  -  #  -  #  -  -  -  -  -  #  -  -  -  #  -  -  - 
 -  -  #  -  #  #  #  #  #  -  #  #  -  -  #  -  #  -  -  -  -  #  #  #  -  -  #  -  #  - 
 #  -  -  -  #  -  -  -  -  -  -  -  -  -  #  -  #  -  #  -  -  -  -  -  #  -  -  -  #  - 
 -  -  #  -  #  -  #  -  #  #  #  #  #  #  -  -  #  -  #  #  #  -  -  -  -  #  #  #  #  - 
 #  -  -  -  -  -  -  -  -  -  -  -  -  -  #  -  -  X  X  X  X  X  #  -  -  -  #  -  -  - 
 -  -  #  -  -  -  #  #  -  -  #  -  #  -  -  #  #  #  -  -  #  -  -  -  #  -  #  -  #  # 
 #  -  -  -  #  -  #  -  -  -  #  -  #  -  -  -  #  -  -  -  -  -  #  -  #  -  #  -  -  - 
 #  -  #  -  #  -  #  #  #  #  #  -  -  #  -  -  -  -  #  -  #  M  #  -  #  -  -  #  #  - 
 #  -  -  -  -  -  -  -  -  -  -  -  -  -  -  -  #  -  -  -  -  -  #  -  #  -  -  -  -  - 
 #  -  -  -  #  #  #  #  -  -  -  #  -  -  #  -  #  #  #  #  #  -  #  -  -  #  #  -  #  - 
 #  -  -  -  #  -  -  -  #  -  -  -  #  -  -  -  #  -  -  -  #  -  -  -  -  -  -  -  -  - 
 -  -  #  -  #  -  -  -  -  #  #  -  -  -  -  #  #  -  #  #  #  -  -  #  #  -  #  -  -  - 
 -  -  -  -  -  -  -  -  -  -  -  -  -  -  -  -  -  -  -  -  -  -  -  -  -  -  #  -  -  - 

2013-01-13 20:51:29,212 INFO  [Thread-3] bombgame.ui.TextUI: 
Players:
-> Player: [21] [15] Direction: 2
AI:
-> AI: [22] [17] T: [18] [11] F: [21] [11] Turn: 95 Direction: 4
-> AI: [21] [11] T: NULL F: [21] [15] Turn: 95 Direction: 0
-> AI: [21] [18] T: [18] [11] F: [21] [11] Turn: 95 Direction: 1
Bombs:
Explosions:
->Explosion: { [20] [11], [21] [11], [19] [11], [18] [11], [17] [11] }

 #  #  #  -  -  #  #  -  #  -  -  -  #  #  -  #  #  #  -  -  #  -  #  -  #  #  #  #  #  # 
 -  -  #  -  -  -  -  -  -  -  -  -  -  -  -  -  -  -  -  -  -  -  -  -  -  -  -  -  -  - 
 -  -  #  -  -  -  #  #  #  -  -  -  #  #  -  #  #  #  #  -  #  -  -  #  #  -  #  -  -  - 
 -  -  -  -  -  -  -  -  -  -  -  -  -  -  -  -  -  -  #  -  -  -  -  -  #  -  #  -  #  - 
 #  -  #  -  #  -  #  -  #  #  -  #  #  -  #  -  #  -  #  #  #  -  #  -  -  -  -  -  -  - 
 #  -  -  -  #  -  -  -  -  -  -  -  #  -  -  -  #  -  -  -  -  -  -  -  #  -  -  -  #  - 
 #  -  #  -  #  #  #  -  -  -  #  -  #  #  #  -  #  #  #  #  #  #  -  -  #  -  #  -  #  - 
 -  -  #  -  -  -  -  -  -  -  #  -  -  -  #  -  #  -  -  -  -  -  #  -  -  -  #  -  -  - 
 -  -  #  -  #  #  #  #  #  -  #  #  -  -  #  -  #  -  -  -  -  #  #  #  -  -  #  -  #  - 
 #  -  -  -  #  -  -  -  -  -  -  -  -  -  #  -  #  -  #  -  -  -  -  -  #  -  -  -  #  - 
 -  -  #  -  #  -  #  -  #  #  #  #  #  #  -  -  #  -  #  #  #  -  -  -  -  #  #  #  #  - 
 #  -  -  -  -  -  -  -  -  -  -  -  -  -  #  -  -  X  X  X  X  X  #  -  -  -  #  -  -  - 
 -  -  #  -  -  -  #  #  -  -  #  -  #  -  -  #  #  #  -  -  #  -  -  -  #  -  #  -  #  # 
 #  -  -  -  #  -  #  -  -  -  #  -  #  -  -  -  #  -  -  -  -  -  #  -  #  -  #  -  -  - 
 #  -  #  -  #  -  #  #  #  #  #  -  -  #  -  -  -  -  #  -  #  -  #  -  #  -  -  #  #  - 
 #  -  -  -  -  -  -  -  -  -  -  -  -  -  -  -  #  -  -  -  -  M  #  -  #  -  -  -  -  - 
 #  -  -  -  #  #  #  #  -  -  -  #  -  -  #  -  #  #  #  #  #  -  #  -  -  #  #  -  #  - 
 #  -  -  -  #  -  -  -  #  -  -  -  #  -  -  -  #  -  -  -  #  -  -  -  -  -  -  -  -  - 
 -  -  #  -  #  -  -  -  -  #  #  -  -  -  -  #  #  -  #  #  #  -  -  #  #  -  #  -  -  - 
 -  -  -  -  -  -  -  -  -  -  -  -  -  -  -  -  -  -  -  -  -  -  -  -  -  -  #  -  -  - 

2013-01-13 20:51:29,462 INFO  [Thread-3] bombgame.ui.TextUI: 
Players:
-> Player: [21] [15] Direction: 0
AI:
-> AI: [22] [17] T: [21] [11] F: [21] [11] Turn: 96 Direction: 4
-> AI: [21] [11] T: [25] [6] F: [21] [15] Turn: 96 Direction: 0
-> AI: [21] [18] T: [21] [11] F: [21] [11] Turn: 96 Direction: 1
Bombs:
Explosions:
->Explosion: { [20] [11], [21] [11], [19] [11], [18] [11], [17] [11] }

 #  #  #  -  -  #  #  -  #  -  -  -  #  #  -  #  #  #  -  -  #  -  #  -  #  #  #  #  #  # 
 -  -  #  -  -  -  -  -  -  -  -  -  -  -  -  -  -  -  -  -  -  -  -  -  -  -  -  -  -  - 
 -  -  #  -  -  -  #  #  #  -  -  -  #  #  -  #  #  #  #  -  #  -  -  #  #  -  #  -  -  - 
 -  -  -  -  -  -  -  -  -  -  -  -  -  -  -  -  -  -  #  -  -  -  -  -  #  -  #  -  #  - 
 #  -  #  -  #  -  #  -  #  #  -  #  #  -  #  -  #  -  #  #  #  -  #  -  -  -  -  -  -  - 
 #  -  -  -  #  -  -  -  -  -  -  -  #  -  -  -  #  -  -  -  -  -  -  -  #  -  -  -  #  - 
 #  -  #  -  #  #  #  -  -  -  #  -  #  #  #  -  #  #  #  #  #  #  -  -  #  -  #  -  #  - 
 -  -  #  -  -  -  -  -  -  -  #  -  -  -  #  -  #  -  -  -  -  -  #  -  -  -  #  -  -  - 
 -  -  #  -  #  #  #  #  #  -  #  #  -  -  #  -  #  -  -  -  -  #  #  #  -  -  #  -  #  - 
 #  -  -  -  #  -  -  -  -  -  -  -  -  -  #  -  #  -  #  -  -  -  -  -  #  -  -  -  #  - 
 -  -  #  -  #  -  #  -  #  #  #  #  #  #  -  -  #  -  #  #  #  -  -  -  -  #  #  #  #  - 
 #  -  -  -  -  -  -  -  -  -  -  -  -  -  #  -  -  X  X  X  X  X  #  -  -  -  #  -  -  - 
 -  -  #  -  -  -  #  #  -  -  #  -  #  -  -  #  #  #  -  -  #  -  -  -  #  -  #  -  #  # 
 #  -  -  -  #  -  #  -  -  -  #  -  #  -  -  -  #  -  -  -  -  -  #  -  #  -  #  -  -  - 
 #  -  #  -  #  -  #  #  #  #  #  -  -  #  -  -  -  -  #  -  #  -  #  -  #  -  -  #  #  - 
 #  -  -  -  -  -  -  -  -  -  -  -  -  -  -  -  #  -  -  -  -  M  #  -  #  -  -  -  -  - 
 #  -  -  -  #  #  #  #  -  -  -  #  -  -  #  -  #  #  #  #  #  -  #  -  -  #  #  -  #  - 
 #  -  -  -  #  -  -  -  #  -  -  -  #  -  -  -  #  -  -  -  #  -  -  -  -  -  -  -  -  - 
 -  -  #  -  #  -  -  -  -  #  #  -  -  -  -  #  #  -  #  #  #  -  -  #  #  -  #  -  -  - 
 -  -  -  -  -  -  -  -  -  -  -  -  -  -  -  -  -  -  -  -  -  -  -  -  -  -  #  -  -  - 

